[14-Mar-2021 18:07:55 +0530]: <12c9b186> In migration: 0000-dbinit
[14-Mar-2021 18:07:55 +0530]: <12c9b186> Found 7 matches
[14-Mar-2021 18:07:55 +0530]: <12c9b186> In migration: 0000-sample
[14-Mar-2021 18:07:55 +0530]: <12c9b186> Found 1 matches
[14-Mar-2021 18:07:55 +0530]: <12c9b186> In migration: 0001-categories
[14-Mar-2021 18:07:55 +0530]: <12c9b186> Found 1 matches
[14-Mar-2021 18:07:55 +0530]: <12c9b186> In migration: 0002-increasetextfieldlengths
[14-Mar-2021 18:07:55 +0530]: <12c9b186> Found 7 matches
[14-Mar-2021 18:07:55 +0530]: <12c9b186> In migration: 0003-fixtimestampdefaultvalue
[14-Mar-2021 18:07:55 +0530]: <12c9b186> Found 1 matches
[14-Mar-2021 18:07:55 +0530]: <12c9b186> In migration: 0004-fixtimestampdefaultvalue
[14-Mar-2021 18:07:55 +0530]: <12c9b186> Found 1 matches
[14-Mar-2021 18:07:55 +0530]: <12c9b186> In migration: 0005-changemysqlut8toutf8mb4
[14-Mar-2021 18:07:55 +0530]: <12c9b186> Found 1 matches
[15-Mar-2021 13:19:59 +0530]: <60c2f5d9> In migration: 0000-dbinit
[15-Mar-2021 13:19:59 +0530]: <60c2f5d9> Found 7 matches
[15-Mar-2021 13:19:59 +0530]: <60c2f5d9> In migration: 0000-sample
[15-Mar-2021 13:19:59 +0530]: <60c2f5d9> Found 1 matches
[15-Mar-2021 13:19:59 +0530]: <60c2f5d9> In migration: 0001-categories
[15-Mar-2021 13:19:59 +0530]: <60c2f5d9> Found 1 matches
[15-Mar-2021 13:19:59 +0530]: <60c2f5d9> In migration: 0002-increasetextfieldlengths
[15-Mar-2021 13:19:59 +0530]: <60c2f5d9> Found 7 matches
[15-Mar-2021 13:19:59 +0530]: <60c2f5d9> In migration: 0003-fixtimestampdefaultvalue
[15-Mar-2021 13:19:59 +0530]: <60c2f5d9> Found 1 matches
[15-Mar-2021 13:19:59 +0530]: <60c2f5d9> In migration: 0004-fixtimestampdefaultvalue
[15-Mar-2021 13:19:59 +0530]: <60c2f5d9> Found 1 matches
[15-Mar-2021 13:19:59 +0530]: <60c2f5d9> In migration: 0005-changemysqlut8toutf8mb4
[15-Mar-2021 13:19:59 +0530]: <60c2f5d9> Found 1 matches
